2015-06-22 15:38:12 - PHP Notice:  Undefined variable: text_sale in D:\wamp\www\opencart-2-0\theme497\catalog\view\theme\theme497\template\module\featured.tpl on line 66
2015-06-22 15:38:12 - PHP Notice:  Undefined variable: text_sale in D:\wamp\www\opencart-2-0\theme497\catalog\view\theme\theme497\template\module\featured.tpl on line 66
2015-06-22 15:38:12 - PHP Notice:  Undefined variable: text_sale in D:\wamp\www\opencart-2-0\theme497\catalog\view\theme\theme497\template\module\featured.tpl on line 66
2015-06-22 15:38:12 - PHP Notice:  Undefined variable: text_sale in D:\wamp\www\opencart-2-0\theme497\catalog\view\theme\theme497\template\module\special.tpl on line 67
2015-06-22 15:38:12 - PHP Notice:  Undefined variable: text_sale in D:\wamp\www\opencart-2-0\theme497\catalog\view\theme\theme497\template\module\special.tpl on line 67
2015-06-22 15:38:12 - PHP Notice:  Undefined variable: text_sale in D:\wamp\www\opencart-2-0\theme497\catalog\view\theme\theme497\template\module\special.tpl on line 67
2015-06-22 15:38:12 - PHP Notice:  Undefined variable: text_sale in D:\wamp\www\opencart-2-0\theme497\catalog\view\theme\theme497\template\module\special.tpl on line 67
2015-06-22 15:38:13 - PHP Notice:  Undefined variable: text_sale in D:\wamp\www\opencart-2-0\theme497\catalog\view\theme\theme497\template\module\featured.tpl on line 66
2015-06-22 15:38:13 - PHP Notice:  Undefined variable: text_sale in D:\wamp\www\opencart-2-0\theme497\catalog\view\theme\theme497\template\module\featured.tpl on line 66
2015-06-22 15:38:13 - PHP Notice:  Undefined variable: text_sale in D:\wamp\www\opencart-2-0\theme497\catalog\view\theme\theme497\template\module\featured.tpl on line 66
2015-06-22 15:38:13 - PHP Notice:  Undefined variable: text_sale in D:\wamp\www\opencart-2-0\theme497\catalog\view\theme\theme497\template\module\special.tpl on line 67
2015-06-22 15:38:13 - PHP Notice:  Undefined variable: text_sale in D:\wamp\www\opencart-2-0\theme497\catalog\view\theme\theme497\template\module\special.tpl on line 67
2015-06-22 15:38:13 - PHP Notice:  Undefined variable: text_sale in D:\wamp\www\opencart-2-0\theme497\catalog\view\theme\theme497\template\module\special.tpl on line 67
2015-06-22 15:38:13 - PHP Notice:  Undefined variable: text_sale in D:\wamp\www\opencart-2-0\theme497\catalog\view\theme\theme497\template\module\special.tpl on line 67
2015-07-26 21:28:49 - PHP Notice:  Undefined variable: logo in E:\!SeGa!\USBWebserver v8.6\root\work\glenn.26311.sega.opencart\26311\theme592\catalog\view\theme\theme592\template\common\header_top.tpl on line 5
2015-07-26 21:28:49 - PHP Notice:  Undefined variable: home in E:\!SeGa!\USBWebserver v8.6\root\work\glenn.26311.sega.opencart\26311\theme592\catalog\view\theme\theme592\template\common\header_top.tpl on line 10
2015-07-26 21:28:49 - PHP Notice:  Undefined variable: name in E:\!SeGa!\USBWebserver v8.6\root\work\glenn.26311.sega.opencart\26311\theme592\catalog\view\theme\theme592\template\common\header_top.tpl on line 10
2015-07-26 21:28:50 - PHP Notice:  Undefined variable: logo in E:\!SeGa!\USBWebserver v8.6\root\work\glenn.26311.sega.opencart\26311\theme592\catalog\view\theme\theme592\template\common\header_top.tpl on line 5
2015-07-26 21:28:50 - PHP Notice:  Undefined variable: home in E:\!SeGa!\USBWebserver v8.6\root\work\glenn.26311.sega.opencart\26311\theme592\catalog\view\theme\theme592\template\common\header_top.tpl on line 10
2015-07-26 21:28:50 - PHP Notice:  Undefined variable: name in E:\!SeGa!\USBWebserver v8.6\root\work\glenn.26311.sega.opencart\26311\theme592\catalog\view\theme\theme592\template\common\header_top.tpl on line 10
2015-07-26 21:39:54 - PHP Notice:  Undefined variable: logo in E:\!SeGa!\USBWebserver v8.6\root\work\glenn.26311.sega.opencart\26311\theme592\catalog\view\theme\theme592\template\common\header_top.tpl on line 5
2015-07-26 21:39:54 - PHP Notice:  Undefined variable: home in E:\!SeGa!\USBWebserver v8.6\root\work\glenn.26311.sega.opencart\26311\theme592\catalog\view\theme\theme592\template\common\header_top.tpl on line 10
2015-07-26 21:39:54 - PHP Notice:  Undefined variable: name in E:\!SeGa!\USBWebserver v8.6\root\work\glenn.26311.sega.opencart\26311\theme592\catalog\view\theme\theme592\template\common\header_top.tpl on line 10
2015-07-26 21:43:47 - PHP Notice:  Undefined variable: logo in E:\!SeGa!\USBWebserver v8.6\root\work\glenn.26311.sega.opencart\26311\theme592\catalog\view\theme\theme592\template\common\header_top.tpl on line 5
2015-07-26 21:43:47 - PHP Notice:  Undefined variable: home in E:\!SeGa!\USBWebserver v8.6\root\work\glenn.26311.sega.opencart\26311\theme592\catalog\view\theme\theme592\template\common\header_top.tpl on line 10
2015-07-26 21:43:47 - PHP Notice:  Undefined variable: name in E:\!SeGa!\USBWebserver v8.6\root\work\glenn.26311.sega.opencart\26311\theme592\catalog\view\theme\theme592\template\common\header_top.tpl on line 10
2015-07-26 22:37:49 - PHP Notice:  Undefined variable: logo in E:\!SeGa!\USBWebserver v8.6\root\work\glenn.26311.sega.opencart\26311\theme592\catalog\view\theme\theme592\template\common\header_top.tpl on line 5
2015-07-26 22:37:49 - PHP Notice:  Undefined variable: home in E:\!SeGa!\USBWebserver v8.6\root\work\glenn.26311.sega.opencart\26311\theme592\catalog\view\theme\theme592\template\common\header_top.tpl on line 10
2015-07-26 22:37:49 - PHP Notice:  Undefined variable: name in E:\!SeGa!\USBWebserver v8.6\root\work\glenn.26311.sega.opencart\26311\theme592\catalog\view\theme\theme592\template\common\header_top.tpl on line 10
2015-07-26 22:37:50 - PHP Notice:  Undefined variable: logo in E:\!SeGa!\USBWebserver v8.6\root\work\glenn.26311.sega.opencart\26311\theme592\catalog\view\theme\theme592\template\common\header_top.tpl on line 5
2015-07-26 22:37:50 - PHP Notice:  Undefined variable: home in E:\!SeGa!\USBWebserver v8.6\root\work\glenn.26311.sega.opencart\26311\theme592\catalog\view\theme\theme592\template\common\header_top.tpl on line 10
2015-07-26 22:37:50 - PHP Notice:  Undefined variable: name in E:\!SeGa!\USBWebserver v8.6\root\work\glenn.26311.sega.opencart\26311\theme592\catalog\view\theme\theme592\template\common\header_top.tpl on line 10
2015-07-27 17:52:03 - PHP Notice:  Undefined variable: logo in E:\!SeGa!\USBWebserver v8.6\root\work\glenn.26311.sega.opencart\26311\theme592\catalog\view\theme\theme592\template\common\header_top.tpl on line 5
2015-07-27 17:52:04 - PHP Notice:  Undefined variable: home in E:\!SeGa!\USBWebserver v8.6\root\work\glenn.26311.sega.opencart\26311\theme592\catalog\view\theme\theme592\template\common\header_top.tpl on line 10
2015-07-27 17:52:04 - PHP Notice:  Undefined variable: name in E:\!SeGa!\USBWebserver v8.6\root\work\glenn.26311.sega.opencart\26311\theme592\catalog\view\theme\theme592\template\common\header_top.tpl on line 10
2015-07-27 17:52:06 - PHP Notice:  Undefined variable: logo in E:\!SeGa!\USBWebserver v8.6\root\work\glenn.26311.sega.opencart\26311\theme592\catalog\view\theme\theme592\template\common\header_top.tpl on line 5
2015-07-27 17:52:06 - PHP Notice:  Undefined variable: home in E:\!SeGa!\USBWebserver v8.6\root\work\glenn.26311.sega.opencart\26311\theme592\catalog\view\theme\theme592\template\common\header_top.tpl on line 10
2015-07-27 17:52:06 - PHP Notice:  Undefined variable: name in E:\!SeGa!\USBWebserver v8.6\root\work\glenn.26311.sega.opencart\26311\theme592\catalog\view\theme\theme592\template\common\header_top.tpl on line 10
2015-07-27 17:52:08 - PHP Notice:  Undefined variable: logo in E:\!SeGa!\USBWebserver v8.6\root\work\glenn.26311.sega.opencart\26311\theme592\catalog\view\theme\theme592\template\common\header_top.tpl on line 5
2015-07-27 17:52:08 - PHP Notice:  Undefined variable: home in E:\!SeGa!\USBWebserver v8.6\root\work\glenn.26311.sega.opencart\26311\theme592\catalog\view\theme\theme592\template\common\header_top.tpl on line 10
2015-07-27 17:52:08 - PHP Notice:  Undefined variable: name in E:\!SeGa!\USBWebserver v8.6\root\work\glenn.26311.sega.opencart\26311\theme592\catalog\view\theme\theme592\template\common\header_top.tpl on line 10
2015-07-27 18:30:17 - PHP Notice:  Undefined variable: logo in E:\!SeGa!\USBWebserver v8.6\root\work\glenn.26311.sega.opencart\26311\theme592\catalog\view\theme\theme592\template\common\header_top.tpl on line 5
2015-07-27 18:30:17 - PHP Notice:  Undefined variable: home in E:\!SeGa!\USBWebserver v8.6\root\work\glenn.26311.sega.opencart\26311\theme592\catalog\view\theme\theme592\template\common\header_top.tpl on line 10
2015-07-27 18:30:17 - PHP Notice:  Undefined variable: name in E:\!SeGa!\USBWebserver v8.6\root\work\glenn.26311.sega.opencart\26311\theme592\catalog\view\theme\theme592\template\common\header_top.tpl on line 10
2015-07-27 18:30:21 - PHP Notice:  Undefined variable: logo in E:\!SeGa!\USBWebserver v8.6\root\work\glenn.26311.sega.opencart\26311\theme592\catalog\view\theme\theme592\template\common\header_top.tpl on line 5
2015-07-27 18:30:21 - PHP Notice:  Undefined variable: home in E:\!SeGa!\USBWebserver v8.6\root\work\glenn.26311.sega.opencart\26311\theme592\catalog\view\theme\theme592\template\common\header_top.tpl on line 10
2015-07-27 18:30:21 - PHP Notice:  Undefined variable: name in E:\!SeGa!\USBWebserver v8.6\root\work\glenn.26311.sega.opencart\26311\theme592\catalog\view\theme\theme592\template\common\header_top.tpl on line 10
2015-07-27 18:32:51 - PHP Notice:  Undefined variable: logo in E:\!SeGa!\USBWebserver v8.6\root\work\glenn.26311.sega.opencart\26311\theme592\catalog\view\theme\theme592\template\common\header_top.tpl on line 5
2015-07-27 18:32:51 - PHP Notice:  Undefined variable: home in E:\!SeGa!\USBWebserver v8.6\root\work\glenn.26311.sega.opencart\26311\theme592\catalog\view\theme\theme592\template\common\header_top.tpl on line 10
2015-07-27 18:32:51 - PHP Notice:  Undefined variable: name in E:\!SeGa!\USBWebserver v8.6\root\work\glenn.26311.sega.opencart\26311\theme592\catalog\view\theme\theme592\template\common\header_top.tpl on line 10
2015-07-27 18:32:52 - PHP Notice:  Undefined variable: logo in E:\!SeGa!\USBWebserver v8.6\root\work\glenn.26311.sega.opencart\26311\theme592\catalog\view\theme\theme592\template\common\header_top.tpl on line 5
2015-07-27 18:32:52 - PHP Notice:  Undefined variable: home in E:\!SeGa!\USBWebserver v8.6\root\work\glenn.26311.sega.opencart\26311\theme592\catalog\view\theme\theme592\template\common\header_top.tpl on line 10
2015-07-27 18:32:52 - PHP Notice:  Undefined variable: name in E:\!SeGa!\USBWebserver v8.6\root\work\glenn.26311.sega.opencart\26311\theme592\catalog\view\theme\theme592\template\common\header_top.tpl on line 10
2015-07-27 18:32:53 - PHP Notice:  Undefined variable: logo in E:\!SeGa!\USBWebserver v8.6\root\work\glenn.26311.sega.opencart\26311\theme592\catalog\view\theme\theme592\template\common\header_top.tpl on line 5
2015-07-27 18:32:53 - PHP Notice:  Undefined variable: home in E:\!SeGa!\USBWebserver v8.6\root\work\glenn.26311.sega.opencart\26311\theme592\catalog\view\theme\theme592\template\common\header_top.tpl on line 10
2015-07-27 18:32:53 - PHP Notice:  Undefined variable: name in E:\!SeGa!\USBWebserver v8.6\root\work\glenn.26311.sega.opencart\26311\theme592\catalog\view\theme\theme592\template\common\header_top.tpl on line 10
2015-07-27 18:33:37 - PHP Notice:  Undefined variable: logo in E:\!SeGa!\USBWebserver v8.6\root\work\glenn.26311.sega.opencart\26311\theme592\catalog\view\theme\theme592\template\common\header_top.tpl on line 5
2015-07-27 18:33:37 - PHP Notice:  Undefined variable: home in E:\!SeGa!\USBWebserver v8.6\root\work\glenn.26311.sega.opencart\26311\theme592\catalog\view\theme\theme592\template\common\header_top.tpl on line 10
2015-07-27 18:33:37 - PHP Notice:  Undefined variable: name in E:\!SeGa!\USBWebserver v8.6\root\work\glenn.26311.sega.opencart\26311\theme592\catalog\view\theme\theme592\template\common\header_top.tpl on line 10
2015-07-27 18:33:38 - PHP Notice:  Undefined variable: logo in E:\!SeGa!\USBWebserver v8.6\root\work\glenn.26311.sega.opencart\26311\theme592\catalog\view\theme\theme592\template\common\header_top.tpl on line 5
2015-07-27 18:33:38 - PHP Notice:  Undefined variable: home in E:\!SeGa!\USBWebserver v8.6\root\work\glenn.26311.sega.opencart\26311\theme592\catalog\view\theme\theme592\template\common\header_top.tpl on line 10
2015-07-27 18:33:38 - PHP Notice:  Undefined variable: name in E:\!SeGa!\USBWebserver v8.6\root\work\glenn.26311.sega.opencart\26311\theme592\catalog\view\theme\theme592\template\common\header_top.tpl on line 10
2015-07-27 18:35:22 - PHP Notice:  Undefined variable: logo in E:\!SeGa!\USBWebserver v8.6\root\work\glenn.26311.sega.opencart\26311\theme592\catalog\view\theme\theme592\template\common\header_top.tpl on line 5
2015-07-27 18:35:23 - PHP Notice:  Undefined variable: logo in E:\!SeGa!\USBWebserver v8.6\root\work\glenn.26311.sega.opencart\26311\theme592\catalog\view\theme\theme592\template\common\header_top.tpl on line 5
2015-07-27 18:35:52 - PHP Notice:  Undefined variable: home in E:\!SeGa!\USBWebserver v8.6\root\work\glenn.26311.sega.opencart\26311\theme592\catalog\view\theme\theme592\template\common\header_top.tpl on line 5
2015-07-27 18:35:52 - PHP Notice:  Undefined variable: logo in E:\!SeGa!\USBWebserver v8.6\root\work\glenn.26311.sega.opencart\26311\theme592\catalog\view\theme\theme592\template\common\header_top.tpl on line 5
2015-07-27 18:35:52 - PHP Notice:  Undefined variable: name in E:\!SeGa!\USBWebserver v8.6\root\work\glenn.26311.sega.opencart\26311\theme592\catalog\view\theme\theme592\template\common\header_top.tpl on line 5
2015-07-27 18:35:52 - PHP Notice:  Undefined variable: name in E:\!SeGa!\USBWebserver v8.6\root\work\glenn.26311.sega.opencart\26311\theme592\catalog\view\theme\theme592\template\common\header_top.tpl on line 6
2015-07-27 18:35:53 - PHP Notice:  Undefined variable: home in E:\!SeGa!\USBWebserver v8.6\root\work\glenn.26311.sega.opencart\26311\theme592\catalog\view\theme\theme592\template\common\header_top.tpl on line 5
2015-07-27 18:35:53 - PHP Notice:  Undefined variable: logo in E:\!SeGa!\USBWebserver v8.6\root\work\glenn.26311.sega.opencart\26311\theme592\catalog\view\theme\theme592\template\common\header_top.tpl on line 5
2015-07-27 18:35:53 - PHP Notice:  Undefined variable: name in E:\!SeGa!\USBWebserver v8.6\root\work\glenn.26311.sega.opencart\26311\theme592\catalog\view\theme\theme592\template\common\header_top.tpl on line 5
2015-07-27 18:35:53 - PHP Notice:  Undefined variable: name in E:\!SeGa!\USBWebserver v8.6\root\work\glenn.26311.sega.opencart\26311\theme592\catalog\view\theme\theme592\template\common\header_top.tpl on line 6
2015-07-27 18:36:22 - PHP Notice:  Undefined variable: home in E:\!SeGa!\USBWebserver v8.6\root\work\glenn.26311.sega.opencart\26311\theme592\catalog\view\theme\theme592\template\common\header_top.tpl on line 5
2015-07-27 18:36:22 - PHP Notice:  Undefined variable: logo in E:\!SeGa!\USBWebserver v8.6\root\work\glenn.26311.sega.opencart\26311\theme592\catalog\view\theme\theme592\template\common\header_top.tpl on line 5
2015-07-27 18:36:22 - PHP Notice:  Undefined variable: name in E:\!SeGa!\USBWebserver v8.6\root\work\glenn.26311.sega.opencart\26311\theme592\catalog\view\theme\theme592\template\common\header_top.tpl on line 5
2015-07-27 18:36:23 - PHP Notice:  Undefined variable: home in E:\!SeGa!\USBWebserver v8.6\root\work\glenn.26311.sega.opencart\26311\theme592\catalog\view\theme\theme592\template\common\header_top.tpl on line 5
2015-07-27 18:36:23 - PHP Notice:  Undefined variable: logo in E:\!SeGa!\USBWebserver v8.6\root\work\glenn.26311.sega.opencart\26311\theme592\catalog\view\theme\theme592\template\common\header_top.tpl on line 5
2015-07-27 18:36:23 - PHP Notice:  Undefined variable: name in E:\!SeGa!\USBWebserver v8.6\root\work\glenn.26311.sega.opencart\26311\theme592\catalog\view\theme\theme592\template\common\header_top.tpl on line 5
2015-07-27 18:39:53 - PHP Notice:  Undefined variable: home in E:\!SeGa!\USBWebserver v8.6\root\work\glenn.26311.sega.opencart\26311\theme592\catalog\view\theme\theme592\template\common\header_top.tpl on line 5
2015-07-27 18:39:53 - PHP Notice:  Undefined variable: logo in E:\!SeGa!\USBWebserver v8.6\root\work\glenn.26311.sega.opencart\26311\theme592\catalog\view\theme\theme592\template\common\header_top.tpl on line 5
2015-07-27 18:39:53 - PHP Notice:  Undefined variable: name in E:\!SeGa!\USBWebserver v8.6\root\work\glenn.26311.sega.opencart\26311\theme592\catalog\view\theme\theme592\template\common\header_top.tpl on line 5
2015-07-27 18:39:54 - PHP Notice:  Undefined variable: home in E:\!SeGa!\USBWebserver v8.6\root\work\glenn.26311.sega.opencart\26311\theme592\catalog\view\theme\theme592\template\common\header_top.tpl on line 5
2015-07-27 18:39:54 - PHP Notice:  Undefined variable: logo in E:\!SeGa!\USBWebserver v8.6\root\work\glenn.26311.sega.opencart\26311\theme592\catalog\view\theme\theme592\template\common\header_top.tpl on line 5
2015-07-27 18:39:54 - PHP Notice:  Undefined variable: name in E:\!SeGa!\USBWebserver v8.6\root\work\glenn.26311.sega.opencart\26311\theme592\catalog\view\theme\theme592\template\common\header_top.tpl on line 5
2015-07-27 18:41:56 - PHP Notice:  Undefined variable: home in E:\!SeGa!\USBWebserver v8.6\root\work\glenn.26311.sega.opencart\26311\theme592\catalog\view\theme\theme592\template\common\header_top.tpl on line 5
2015-07-27 18:41:56 - PHP Notice:  Undefined variable: logo in E:\!SeGa!\USBWebserver v8.6\root\work\glenn.26311.sega.opencart\26311\theme592\catalog\view\theme\theme592\template\common\header_top.tpl on line 5
2015-07-27 18:41:56 - PHP Notice:  Undefined variable: name in E:\!SeGa!\USBWebserver v8.6\root\work\glenn.26311.sega.opencart\26311\theme592\catalog\view\theme\theme592\template\common\header_top.tpl on line 5
2015-07-27 18:41:57 - PHP Notice:  Undefined variable: home in E:\!SeGa!\USBWebserver v8.6\root\work\glenn.26311.sega.opencart\26311\theme592\catalog\view\theme\theme592\template\common\header_top.tpl on line 5
2015-07-27 18:41:57 - PHP Notice:  Undefined variable: logo in E:\!SeGa!\USBWebserver v8.6\root\work\glenn.26311.sega.opencart\26311\theme592\catalog\view\theme\theme592\template\common\header_top.tpl on line 5
2015-07-27 18:41:57 - PHP Notice:  Undefined variable: name in E:\!SeGa!\USBWebserver v8.6\root\work\glenn.26311.sega.opencart\26311\theme592\catalog\view\theme\theme592\template\common\header_top.tpl on line 5
2015-07-27 18:48:01 - PHP Notice:  Undefined variable: home in E:\!SeGa!\USBWebserver v8.6\root\work\glenn.26311.sega.opencart\26311\theme592\catalog\view\theme\theme592\template\common\header_top.tpl on line 5
2015-07-27 18:48:01 - PHP Notice:  Undefined variable: logo in E:\!SeGa!\USBWebserver v8.6\root\work\glenn.26311.sega.opencart\26311\theme592\catalog\view\theme\theme592\template\common\header_top.tpl on line 5
2015-07-27 18:48:01 - PHP Notice:  Undefined variable: name in E:\!SeGa!\USBWebserver v8.6\root\work\glenn.26311.sega.opencart\26311\theme592\catalog\view\theme\theme592\template\common\header_top.tpl on line 5
2015-07-27 18:48:02 - PHP Notice:  Undefined variable: home in E:\!SeGa!\USBWebserver v8.6\root\work\glenn.26311.sega.opencart\26311\theme592\catalog\view\theme\theme592\template\common\header_top.tpl on line 5
2015-07-27 18:48:02 - PHP Notice:  Undefined variable: logo in E:\!SeGa!\USBWebserver v8.6\root\work\glenn.26311.sega.opencart\26311\theme592\catalog\view\theme\theme592\template\common\header_top.tpl on line 5
2015-07-27 18:48:02 - PHP Notice:  Undefined variable: name in E:\!SeGa!\USBWebserver v8.6\root\work\glenn.26311.sega.opencart\26311\theme592\catalog\view\theme\theme592\template\common\header_top.tpl on line 5
2015-07-27 18:48:58 - PHP Notice:  Undefined variable: home in E:\!SeGa!\USBWebserver v8.6\root\work\glenn.26311.sega.opencart\26311\theme592\catalog\view\theme\theme592\template\common\header_top.tpl on line 5
2015-07-27 18:48:58 - PHP Notice:  Undefined variable: logo in E:\!SeGa!\USBWebserver v8.6\root\work\glenn.26311.sega.opencart\26311\theme592\catalog\view\theme\theme592\template\common\header_top.tpl on line 5
2015-07-27 18:48:58 - PHP Notice:  Undefined variable: name in E:\!SeGa!\USBWebserver v8.6\root\work\glenn.26311.sega.opencart\26311\theme592\catalog\view\theme\theme592\template\common\header_top.tpl on line 5
2015-07-27 18:48:59 - PHP Notice:  Undefined variable: home in E:\!SeGa!\USBWebserver v8.6\root\work\glenn.26311.sega.opencart\26311\theme592\catalog\view\theme\theme592\template\common\header_top.tpl on line 5
2015-07-27 18:48:59 - PHP Notice:  Undefined variable: logo in E:\!SeGa!\USBWebserver v8.6\root\work\glenn.26311.sega.opencart\26311\theme592\catalog\view\theme\theme592\template\common\header_top.tpl on line 5
2015-07-27 18:48:59 - PHP Notice:  Undefined variable: name in E:\!SeGa!\USBWebserver v8.6\root\work\glenn.26311.sega.opencart\26311\theme592\catalog\view\theme\theme592\template\common\header_top.tpl on line 5
2015-07-27 19:05:42 - PHP Notice:  Undefined variable: home in E:\!SeGa!\USBWebserver v8.6\root\work\glenn.26311.sega.opencart\26311\theme592\catalog\view\theme\theme592\template\common\header_top.tpl on line 5
2015-07-27 19:05:42 - PHP Notice:  Undefined variable: logo in E:\!SeGa!\USBWebserver v8.6\root\work\glenn.26311.sega.opencart\26311\theme592\catalog\view\theme\theme592\template\common\header_top.tpl on line 5
2015-07-27 19:05:42 - PHP Notice:  Undefined variable: name in E:\!SeGa!\USBWebserver v8.6\root\work\glenn.26311.sega.opencart\26311\theme592\catalog\view\theme\theme592\template\common\header_top.tpl on line 5
2015-07-27 19:05:43 - PHP Notice:  Undefined variable: home in E:\!SeGa!\USBWebserver v8.6\root\work\glenn.26311.sega.opencart\26311\theme592\catalog\view\theme\theme592\template\common\header_top.tpl on line 5
2015-07-27 19:05:43 - PHP Notice:  Undefined variable: logo in E:\!SeGa!\USBWebserver v8.6\root\work\glenn.26311.sega.opencart\26311\theme592\catalog\view\theme\theme592\template\common\header_top.tpl on line 5
2015-07-27 19:05:43 - PHP Notice:  Undefined variable: name in E:\!SeGa!\USBWebserver v8.6\root\work\glenn.26311.sega.opencart\26311\theme592\catalog\view\theme\theme592\template\common\header_top.tpl on line 5
2015-07-27 19:07:09 - PHP Notice:  Undefined variable: home in E:\!SeGa!\USBWebserver v8.6\root\work\glenn.26311.sega.opencart\26311\theme592\catalog\view\theme\theme592\template\common\header_top.tpl on line 5
2015-07-27 19:07:09 - PHP Notice:  Undefined variable: logo in E:\!SeGa!\USBWebserver v8.6\root\work\glenn.26311.sega.opencart\26311\theme592\catalog\view\theme\theme592\template\common\header_top.tpl on line 5
2015-07-27 19:07:09 - PHP Notice:  Undefined variable: name in E:\!SeGa!\USBWebserver v8.6\root\work\glenn.26311.sega.opencart\26311\theme592\catalog\view\theme\theme592\template\common\header_top.tpl on line 5
2015-07-27 19:07:10 - PHP Notice:  Undefined variable: home in E:\!SeGa!\USBWebserver v8.6\root\work\glenn.26311.sega.opencart\26311\theme592\catalog\view\theme\theme592\template\common\header_top.tpl on line 5
2015-07-27 19:07:10 - PHP Notice:  Undefined variable: logo in E:\!SeGa!\USBWebserver v8.6\root\work\glenn.26311.sega.opencart\26311\theme592\catalog\view\theme\theme592\template\common\header_top.tpl on line 5
2015-07-27 19:07:10 - PHP Notice:  Undefined variable: name in E:\!SeGa!\USBWebserver v8.6\root\work\glenn.26311.sega.opencart\26311\theme592\catalog\view\theme\theme592\template\common\header_top.tpl on line 5
2015-07-27 19:08:06 - PHP Notice:  Undefined variable: home in E:\!SeGa!\USBWebserver v8.6\root\work\glenn.26311.sega.opencart\26311\theme592\catalog\view\theme\theme592\template\common\header_top.tpl on line 5
2015-07-27 19:08:06 - PHP Notice:  Undefined variable: logo in E:\!SeGa!\USBWebserver v8.6\root\work\glenn.26311.sega.opencart\26311\theme592\catalog\view\theme\theme592\template\common\header_top.tpl on line 5
2015-07-27 19:08:06 - PHP Notice:  Undefined variable: name in E:\!SeGa!\USBWebserver v8.6\root\work\glenn.26311.sega.opencart\26311\theme592\catalog\view\theme\theme592\template\common\header_top.tpl on line 5
2015-07-27 19:08:07 - PHP Notice:  Undefined variable: home in E:\!SeGa!\USBWebserver v8.6\root\work\glenn.26311.sega.opencart\26311\theme592\catalog\view\theme\theme592\template\common\header_top.tpl on line 5
2015-07-27 19:08:07 - PHP Notice:  Undefined variable: logo in E:\!SeGa!\USBWebserver v8.6\root\work\glenn.26311.sega.opencart\26311\theme592\catalog\view\theme\theme592\template\common\header_top.tpl on line 5
2015-07-27 19:08:07 - PHP Notice:  Undefined variable: name in E:\!SeGa!\USBWebserver v8.6\root\work\glenn.26311.sega.opencart\26311\theme592\catalog\view\theme\theme592\template\common\header_top.tpl on line 5
2015-07-27 19:08:16 - PHP Notice:  Undefined variable: home in E:\!SeGa!\USBWebserver v8.6\root\work\glenn.26311.sega.opencart\26311\theme592\catalog\view\theme\theme592\template\common\header_top.tpl on line 5
2015-07-27 19:08:16 - PHP Notice:  Undefined variable: logo in E:\!SeGa!\USBWebserver v8.6\root\work\glenn.26311.sega.opencart\26311\theme592\catalog\view\theme\theme592\template\common\header_top.tpl on line 5
2015-07-27 19:08:16 - PHP Notice:  Undefined variable: name in E:\!SeGa!\USBWebserver v8.6\root\work\glenn.26311.sega.opencart\26311\theme592\catalog\view\theme\theme592\template\common\header_top.tpl on line 5
2015-07-27 19:08:17 - PHP Notice:  Undefined variable: home in E:\!SeGa!\USBWebserver v8.6\root\work\glenn.26311.sega.opencart\26311\theme592\catalog\view\theme\theme592\template\common\header_top.tpl on line 5
2015-07-27 19:08:17 - PHP Notice:  Undefined variable: logo in E:\!SeGa!\USBWebserver v8.6\root\work\glenn.26311.sega.opencart\26311\theme592\catalog\view\theme\theme592\template\common\header_top.tpl on line 5
2015-07-27 19:08:17 - PHP Notice:  Undefined variable: name in E:\!SeGa!\USBWebserver v8.6\root\work\glenn.26311.sega.opencart\26311\theme592\catalog\view\theme\theme592\template\common\header_top.tpl on line 5
2015-07-27 19:15:12 - PHP Notice:  Undefined variable: home in E:\!SeGa!\USBWebserver v8.6\root\work\glenn.26311.sega.opencart\26311\theme592\catalog\view\theme\theme592\template\common\header_top.tpl on line 5
2015-07-27 19:15:12 - PHP Notice:  Undefined variable: logo in E:\!SeGa!\USBWebserver v8.6\root\work\glenn.26311.sega.opencart\26311\theme592\catalog\view\theme\theme592\template\common\header_top.tpl on line 5
2015-07-27 19:15:12 - PHP Notice:  Undefined variable: name in E:\!SeGa!\USBWebserver v8.6\root\work\glenn.26311.sega.opencart\26311\theme592\catalog\view\theme\theme592\template\common\header_top.tpl on line 5
2015-07-27 19:15:13 - PHP Notice:  Undefined variable: home in E:\!SeGa!\USBWebserver v8.6\root\work\glenn.26311.sega.opencart\26311\theme592\catalog\view\theme\theme592\template\common\header_top.tpl on line 5
2015-07-27 19:15:13 - PHP Notice:  Undefined variable: logo in E:\!SeGa!\USBWebserver v8.6\root\work\glenn.26311.sega.opencart\26311\theme592\catalog\view\theme\theme592\template\common\header_top.tpl on line 5
2015-07-27 19:15:13 - PHP Notice:  Undefined variable: name in E:\!SeGa!\USBWebserver v8.6\root\work\glenn.26311.sega.opencart\26311\theme592\catalog\view\theme\theme592\template\common\header_top.tpl on line 5
2015-07-28 13:40:49 - PHP Notice:  Undefined index: description in D:\wamp\www\work\openCart\glenn.26311.sega.opencart\26311\theme591\catalog\view\theme\theme591\template\module\carousel.tpl on line 9
2015-07-28 13:40:49 - PHP Notice:  Undefined index: description in D:\wamp\www\work\openCart\glenn.26311.sega.opencart\26311\theme591\catalog\view\theme\theme591\template\module\carousel.tpl on line 9
2015-07-28 13:40:49 - PHP Notice:  Undefined index: description in D:\wamp\www\work\openCart\glenn.26311.sega.opencart\26311\theme591\catalog\view\theme\theme591\template\module\carousel.tpl on line 9
2015-07-28 13:40:49 - PHP Notice:  Undefined index: description in D:\wamp\www\work\openCart\glenn.26311.sega.opencart\26311\theme591\catalog\view\theme\theme591\template\module\carousel.tpl on line 9
2015-07-28 13:40:49 - PHP Notice:  Undefined index: description in D:\wamp\www\work\openCart\glenn.26311.sega.opencart\26311\theme591\catalog\view\theme\theme591\template\module\carousel.tpl on line 9
2015-07-28 13:40:49 - PHP Notice:  Undefined index: description in D:\wamp\www\work\openCart\glenn.26311.sega.opencart\26311\theme591\catalog\view\theme\theme591\template\module\carousel.tpl on line 9
2015-07-28 13:40:50 - PHP Notice:  Undefined index: description in D:\wamp\www\work\openCart\glenn.26311.sega.opencart\26311\theme591\catalog\view\theme\theme591\template\module\carousel.tpl on line 9
2015-07-28 13:40:50 - PHP Notice:  Undefined index: description in D:\wamp\www\work\openCart\glenn.26311.sega.opencart\26311\theme591\catalog\view\theme\theme591\template\module\carousel.tpl on line 9
2015-07-28 13:40:50 - PHP Notice:  Undefined index: description in D:\wamp\www\work\openCart\glenn.26311.sega.opencart\26311\theme591\catalog\view\theme\theme591\template\module\carousel.tpl on line 9
2015-07-28 13:41:05 - PHP Notice:  Undefined index: description in D:\wamp\www\work\openCart\glenn.26311.sega.opencart\26311\theme591\catalog\view\theme\theme591\template\module\carousel.tpl on line 9
2015-07-28 13:41:05 - PHP Notice:  Undefined index: description in D:\wamp\www\work\openCart\glenn.26311.sega.opencart\26311\theme591\catalog\view\theme\theme591\template\module\carousel.tpl on line 9
2015-07-28 13:41:05 - PHP Notice:  Undefined index: description in D:\wamp\www\work\openCart\glenn.26311.sega.opencart\26311\theme591\catalog\view\theme\theme591\template\module\carousel.tpl on line 9
2015-07-28 13:41:06 - PHP Notice:  Undefined index: description in D:\wamp\www\work\openCart\glenn.26311.sega.opencart\26311\theme591\catalog\view\theme\theme591\template\module\carousel.tpl on line 9
2015-07-28 13:41:06 - PHP Notice:  Undefined index: description in D:\wamp\www\work\openCart\glenn.26311.sega.opencart\26311\theme591\catalog\view\theme\theme591\template\module\carousel.tpl on line 9
2015-07-28 13:41:06 - PHP Notice:  Undefined index: description in D:\wamp\www\work\openCart\glenn.26311.sega.opencart\26311\theme591\catalog\view\theme\theme591\template\module\carousel.tpl on line 9
2015-07-28 13:41:06 - PHP Notice:  Undefined index: description in D:\wamp\www\work\openCart\glenn.26311.sega.opencart\26311\theme591\catalog\view\theme\theme591\template\module\carousel.tpl on line 9
2015-07-28 13:41:06 - PHP Notice:  Undefined index: description in D:\wamp\www\work\openCart\glenn.26311.sega.opencart\26311\theme591\catalog\view\theme\theme591\template\module\carousel.tpl on line 9
2015-07-28 13:41:06 - PHP Notice:  Undefined index: description in D:\wamp\www\work\openCart\glenn.26311.sega.opencart\26311\theme591\catalog\view\theme\theme591\template\module\carousel.tpl on line 9
2015-07-28 13:42:25 - PHP Notice:  Undefined index: description in D:\wamp\www\work\openCart\glenn.26311.sega.opencart\26311\theme591\catalog\view\theme\theme591\template\module\carousel.tpl on line 9
2015-07-28 13:42:25 - PHP Notice:  Undefined index: description in D:\wamp\www\work\openCart\glenn.26311.sega.opencart\26311\theme591\catalog\view\theme\theme591\template\module\carousel.tpl on line 9
2015-07-28 13:42:25 - PHP Notice:  Undefined index: description in D:\wamp\www\work\openCart\glenn.26311.sega.opencart\26311\theme591\catalog\view\theme\theme591\template\module\carousel.tpl on line 9
2015-07-28 13:42:26 - PHP Notice:  Undefined index: description in D:\wamp\www\work\openCart\glenn.26311.sega.opencart\26311\theme591\catalog\view\theme\theme591\template\module\carousel.tpl on line 9
2015-07-28 13:42:26 - PHP Notice:  Undefined index: description in D:\wamp\www\work\openCart\glenn.26311.sega.opencart\26311\theme591\catalog\view\theme\theme591\template\module\carousel.tpl on line 9
2015-07-28 13:42:26 - PHP Notice:  Undefined index: description in D:\wamp\www\work\openCart\glenn.26311.sega.opencart\26311\theme591\catalog\view\theme\theme591\template\module\carousel.tpl on line 9
2015-07-28 13:42:32 - PHP Notice:  Undefined index: description in D:\wamp\www\work\openCart\glenn.26311.sega.opencart\26311\theme591\catalog\view\theme\theme591\template\module\carousel.tpl on line 9
2015-07-28 13:42:32 - PHP Notice:  Undefined index: description in D:\wamp\www\work\openCart\glenn.26311.sega.opencart\26311\theme591\catalog\view\theme\theme591\template\module\carousel.tpl on line 9
2015-07-28 13:42:32 - PHP Notice:  Undefined index: description in D:\wamp\www\work\openCart\glenn.26311.sega.opencart\26311\theme591\catalog\view\theme\theme591\template\module\carousel.tpl on line 9
2015-07-28 13:42:32 - PHP Notice:  Undefined index: description in D:\wamp\www\work\openCart\glenn.26311.sega.opencart\26311\theme591\catalog\view\theme\theme591\template\module\carousel.tpl on line 9
2015-07-28 13:42:32 - PHP Notice:  Undefined index: description in D:\wamp\www\work\openCart\glenn.26311.sega.opencart\26311\theme591\catalog\view\theme\theme591\template\module\carousel.tpl on line 9
2015-07-28 13:42:32 - PHP Notice:  Undefined index: description in D:\wamp\www\work\openCart\glenn.26311.sega.opencart\26311\theme591\catalog\view\theme\theme591\template\module\carousel.tpl on line 9
2015-07-28 13:42:51 - PHP Notice:  Undefined index: description in D:\wamp\www\work\openCart\glenn.26311.sega.opencart\26311\theme591\catalog\view\theme\theme591\template\module\carousel.tpl on line 9
2015-07-28 13:42:51 - PHP Notice:  Undefined index: description in D:\wamp\www\work\openCart\glenn.26311.sega.opencart\26311\theme591\catalog\view\theme\theme591\template\module\carousel.tpl on line 9
2015-07-28 13:42:51 - PHP Notice:  Undefined index: description in D:\wamp\www\work\openCart\glenn.26311.sega.opencart\26311\theme591\catalog\view\theme\theme591\template\module\carousel.tpl on line 9
2015-07-28 13:42:51 - PHP Notice:  Undefined index: description in D:\wamp\www\work\openCart\glenn.26311.sega.opencart\26311\theme591\catalog\view\theme\theme591\template\module\carousel.tpl on line 9
2015-07-28 13:42:51 - PHP Notice:  Undefined index: description in D:\wamp\www\work\openCart\glenn.26311.sega.opencart\26311\theme591\catalog\view\theme\theme591\template\module\carousel.tpl on line 9
2015-07-28 13:42:51 - PHP Notice:  Undefined index: description in D:\wamp\www\work\openCart\glenn.26311.sega.opencart\26311\theme591\catalog\view\theme\theme591\template\module\carousel.tpl on line 9
2015-07-28 13:42:57 - PHP Notice:  Undefined index: description in D:\wamp\www\work\openCart\glenn.26311.sega.opencart\26311\theme591\catalog\view\theme\theme591\template\module\carousel.tpl on line 9
2015-07-28 13:42:57 - PHP Notice:  Undefined index: description in D:\wamp\www\work\openCart\glenn.26311.sega.opencart\26311\theme591\catalog\view\theme\theme591\template\module\carousel.tpl on line 9
2015-07-28 13:42:57 - PHP Notice:  Undefined index: description in D:\wamp\www\work\openCart\glenn.26311.sega.opencart\26311\theme591\catalog\view\theme\theme591\template\module\carousel.tpl on line 9
2015-07-28 13:42:57 - PHP Notice:  Undefined index: description in D:\wamp\www\work\openCart\glenn.26311.sega.opencart\26311\theme591\catalog\view\theme\theme591\template\module\carousel.tpl on line 9
2015-07-28 13:42:57 - PHP Notice:  Undefined index: description in D:\wamp\www\work\openCart\glenn.26311.sega.opencart\26311\theme591\catalog\view\theme\theme591\template\module\carousel.tpl on line 9
2015-07-28 13:42:57 - PHP Notice:  Undefined index: description in D:\wamp\www\work\openCart\glenn.26311.sega.opencart\26311\theme591\catalog\view\theme\theme591\template\module\carousel.tpl on line 9
2015-07-28 13:42:58 - PHP Notice:  Undefined index: description in D:\wamp\www\work\openCart\glenn.26311.sega.opencart\26311\theme591\catalog\view\theme\theme591\template\module\carousel.tpl on line 9
2015-07-28 13:42:58 - PHP Notice:  Undefined index: description in D:\wamp\www\work\openCart\glenn.26311.sega.opencart\26311\theme591\catalog\view\theme\theme591\template\module\carousel.tpl on line 9
2015-07-28 13:42:58 - PHP Notice:  Undefined index: description in D:\wamp\www\work\openCart\glenn.26311.sega.opencart\26311\theme591\catalog\view\theme\theme591\template\module\carousel.tpl on line 9
2015-07-28 13:43:21 - PHP Notice:  Undefined index: description in D:\wamp\www\work\openCart\glenn.26311.sega.opencart\26311\theme591\catalog\view\theme\theme591\template\module\carousel.tpl on line 9
2015-07-28 13:43:21 - PHP Notice:  Undefined index: description in D:\wamp\www\work\openCart\glenn.26311.sega.opencart\26311\theme591\catalog\view\theme\theme591\template\module\carousel.tpl on line 9
2015-07-28 13:43:21 - PHP Notice:  Undefined index: description in D:\wamp\www\work\openCart\glenn.26311.sega.opencart\26311\theme591\catalog\view\theme\theme591\template\module\carousel.tpl on line 9
2015-07-28 13:43:22 - PHP Notice:  Undefined index: description in D:\wamp\www\work\openCart\glenn.26311.sega.opencart\26311\theme591\catalog\view\theme\theme591\template\module\carousel.tpl on line 9
2015-07-28 13:43:22 - PHP Notice:  Undefined index: description in D:\wamp\www\work\openCart\glenn.26311.sega.opencart\26311\theme591\catalog\view\theme\theme591\template\module\carousel.tpl on line 9
2015-07-28 13:43:22 - PHP Notice:  Undefined index: description in D:\wamp\www\work\openCart\glenn.26311.sega.opencart\26311\theme591\catalog\view\theme\theme591\template\module\carousel.tpl on line 9
2015-07-28 13:43:32 - PHP Notice:  Undefined index: description in D:\wamp\www\work\openCart\glenn.26311.sega.opencart\26311\theme591\catalog\view\theme\theme591\template\module\carousel.tpl on line 9
2015-07-28 13:43:32 - PHP Notice:  Undefined index: description in D:\wamp\www\work\openCart\glenn.26311.sega.opencart\26311\theme591\catalog\view\theme\theme591\template\module\carousel.tpl on line 9
2015-07-28 13:43:32 - PHP Notice:  Undefined index: description in D:\wamp\www\work\openCart\glenn.26311.sega.opencart\26311\theme591\catalog\view\theme\theme591\template\module\carousel.tpl on line 9
2015-07-28 13:43:32 - PHP Notice:  Undefined index: description in D:\wamp\www\work\openCart\glenn.26311.sega.opencart\26311\theme591\catalog\view\theme\theme591\template\module\carousel.tpl on line 9
2015-07-28 13:43:32 - PHP Notice:  Undefined index: description in D:\wamp\www\work\openCart\glenn.26311.sega.opencart\26311\theme591\catalog\view\theme\theme591\template\module\carousel.tpl on line 9
2015-07-28 13:43:32 - PHP Notice:  Undefined index: description in D:\wamp\www\work\openCart\glenn.26311.sega.opencart\26311\theme591\catalog\view\theme\theme591\template\module\carousel.tpl on line 9
2015-07-28 13:45:04 - PHP Notice:  Undefined index: description in D:\wamp\www\work\openCart\glenn.26311.sega.opencart\26311\theme591\catalog\view\theme\theme591\template\module\carousel.tpl on line 9
2015-07-28 13:45:04 - PHP Notice:  Undefined index: description in D:\wamp\www\work\openCart\glenn.26311.sega.opencart\26311\theme591\catalog\view\theme\theme591\template\module\carousel.tpl on line 9
2015-07-28 13:45:04 - PHP Notice:  Undefined index: description in D:\wamp\www\work\openCart\glenn.26311.sega.opencart\26311\theme591\catalog\view\theme\theme591\template\module\carousel.tpl on line 9
2015-07-28 13:45:04 - PHP Notice:  Undefined index: description in D:\wamp\www\work\openCart\glenn.26311.sega.opencart\26311\theme591\catalog\view\theme\theme591\template\module\carousel.tpl on line 9
2015-07-28 13:45:04 - PHP Notice:  Undefined index: description in D:\wamp\www\work\openCart\glenn.26311.sega.opencart\26311\theme591\catalog\view\theme\theme591\template\module\carousel.tpl on line 9
2015-07-28 13:45:04 - PHP Notice:  Undefined index: description in D:\wamp\www\work\openCart\glenn.26311.sega.opencart\26311\theme591\catalog\view\theme\theme591\template\module\carousel.tpl on line 9
2015-07-28 13:45:04 - PHP Notice:  Undefined index: description in D:\wamp\www\work\openCart\glenn.26311.sega.opencart\26311\theme591\catalog\view\theme\theme591\template\module\carousel.tpl on line 9
2015-07-28 13:45:04 - PHP Notice:  Undefined index: description in D:\wamp\www\work\openCart\glenn.26311.sega.opencart\26311\theme591\catalog\view\theme\theme591\template\module\carousel.tpl on line 9
2015-07-28 13:45:04 - PHP Notice:  Undefined index: description in D:\wamp\www\work\openCart\glenn.26311.sega.opencart\26311\theme591\catalog\view\theme\theme591\template\module\carousel.tpl on line 9
2015-07-28 15:17:24 - PHP Notice:  Undefined variable: tm_newsletter in D:\wamp\www\work\openCart\glenn.26311.sega.opencart\26311\theme591\catalog\view\theme\theme591\template\common\footer.tpl on line 50
2015-07-28 15:17:24 - PHP Notice:  Undefined variable: tm_newsletter in D:\wamp\www\work\openCart\glenn.26311.sega.opencart\26311\theme591\catalog\view\theme\theme591\template\common\footer.tpl on line 50
2015-07-28 15:17:25 - PHP Notice:  Undefined variable: tm_newsletter in D:\wamp\www\work\openCart\glenn.26311.sega.opencart\26311\theme591\catalog\view\theme\theme591\template\common\footer.tpl on line 50
2015-07-28 15:19:55 - PHP Notice:  Undefined variable: tm_newsletter in D:\wamp\www\work\openCart\glenn.26311.sega.opencart\26311\theme591\catalog\view\theme\theme591\template\common\footer.tpl on line 49
2015-07-28 15:19:55 - PHP Notice:  Undefined variable: tm_newsletter in D:\wamp\www\work\openCart\glenn.26311.sega.opencart\26311\theme591\catalog\view\theme\theme591\template\common\footer.tpl on line 49
2015-07-28 15:19:56 - PHP Notice:  Undefined variable: tm_newsletter in D:\wamp\www\work\openCart\glenn.26311.sega.opencart\26311\theme591\catalog\view\theme\theme591\template\common\footer.tpl on line 49
2015-07-28 15:20:49 - PHP Notice:  Undefined variable: tm_newsletter in D:\wamp\www\work\openCart\glenn.26311.sega.opencart\26311\theme591\catalog\view\theme\theme591\template\common\footer.tpl on line 49
2015-07-28 15:20:49 - PHP Notice:  Undefined variable: tm_newsletter in D:\wamp\www\work\openCart\glenn.26311.sega.opencart\26311\theme591\catalog\view\theme\theme591\template\common\footer.tpl on line 49
2015-07-28 15:44:57 - PHP Notice:  Undefined variable: tm_social_list in D:\wamp\www\work\openCart\glenn.26311.sega.opencart\26311\theme591\catalog\view\theme\theme591\template\common\footer_top.tpl on line 4
2015-07-28 15:44:57 - PHP Notice:  Undefined variable: tm_social_list in D:\wamp\www\work\openCart\glenn.26311.sega.opencart\26311\theme591\catalog\view\theme\theme591\template\common\footer_top.tpl on line 4
2015-07-28 15:44:57 - PHP Notice:  Undefined variable: tm_social_list in D:\wamp\www\work\openCart\glenn.26311.sega.opencart\26311\theme591\catalog\view\theme\theme591\template\common\footer_top.tpl on line 4
2015-07-28 15:44:58 - PHP Notice:  Undefined variable: tm_social_list in D:\wamp\www\work\openCart\glenn.26311.sega.opencart\26311\theme591\catalog\view\theme\theme591\template\common\footer_top.tpl on line 4
2015-07-28 15:44:58 - PHP Notice:  Undefined variable: tm_social_list in D:\wamp\www\work\openCart\glenn.26311.sega.opencart\26311\theme591\catalog\view\theme\theme591\template\common\footer_top.tpl on line 4
2015-07-28 15:44:58 - PHP Notice:  Undefined variable: tm_social_list in D:\wamp\www\work\openCart\glenn.26311.sega.opencart\26311\theme591\catalog\view\theme\theme591\template\common\footer_top.tpl on line 4
2015-07-28 15:44:58 - PHP Notice:  Undefined variable: tm_social_list in D:\wamp\www\work\openCart\glenn.26311.sega.opencart\26311\theme591\catalog\view\theme\theme591\template\common\footer_top.tpl on line 4
2015-07-28 15:44:58 - PHP Notice:  Undefined variable: tm_social_list in D:\wamp\www\work\openCart\glenn.26311.sega.opencart\26311\theme591\catalog\view\theme\theme591\template\common\footer_top.tpl on line 4
2015-07-28 15:44:58 - PHP Notice:  Undefined variable: tm_social_list in D:\wamp\www\work\openCart\glenn.26311.sega.opencart\26311\theme591\catalog\view\theme\theme591\template\common\footer_top.tpl on line 4
2015-07-28 16:04:05 - PHP Notice:  Undefined variable: text_newsletter in D:\wamp\www\work\openCart\glenn.26311.sega.opencart\26311\theme591\catalog\view\theme\theme591\template\module\tm_newsletter.tpl on line 2
2015-07-28 16:04:06 - PHP Notice:  Undefined variable: text_newsletter in D:\wamp\www\work\openCart\glenn.26311.sega.opencart\26311\theme591\catalog\view\theme\theme591\template\module\tm_newsletter.tpl on line 2
2015-07-28 16:04:06 - PHP Notice:  Undefined variable: text_newsletter in D:\wamp\www\work\openCart\glenn.26311.sega.opencart\26311\theme591\catalog\view\theme\theme591\template\module\tm_newsletter.tpl on line 2
2015-07-28 17:29:33 - PHP Notice:  Undefined variable: description in D:\wamp\www\work\openCart\glenn.26311.sega.opencart\26311\theme591\catalog\view\theme\theme591\template\module\tm_newsletter.tpl on line 4
